android/app/build/outputs/logs/manifest-merger-debug-report.txt
-- Merging decision tree log ---
manifest
ADDED from src/main/AndroidManifest.xml:1:1-77:12
INJECTED from src/main/AndroidManifest.xml:1:1-77:12
INJECTED from src/main/AndroidManifest.xml:1:1-77:12
INJECTED from src/main/AndroidManifest.xml:1:1-77:12
MERGED from src/main/AndroidManifest.xml:1:1-77:12
MERGED from [:shared_preferences_android] AndroidManifest.xml:2:1-7:12
MERGED from [:sqflite] AndroidManifest.xml:2:1-7:12
MERGED from [:url_launcher_android] AndroidManifest.xml:2:1-14:12
MERGED from [:path_provider_android] AndroidManifest.xml:2:1-7:12
MERGED from [:device_apps] AndroidManifest.xml:2:1-7:12
MERGED from [:android_intent] AndroidManifest.xml:2:1-7:12
MERGED from [androidx.fragment:fragment:1.1.0] AndroidManifest.xml:17:1-24:12
MERGED from [androidx.activity:activity:1.0.0] AndroidManifest.xml:17:1-24:12
MERGED from [androidx.viewpager:viewpager:1.0.0] AndroidManifest.xml:17:1-22:12
MERGED from [androidx.loader:loader:1.0.0] AndroidManifest.xml:17:1-22:12
MERGED from [androidx.customview:customview:1.0.0] AndroidManifest.xml:17:1-22:12
MERGED from [androidx.core:core:1.1.0] AndroidManifest.xml:17:1-26:12
MERGED from [androidx.lifecycle:lifecycle-runtime:2.2.0] AndroidManifest.xml:17:1-24:12
MERGED from [androidx.savedstate:savedstate:1.0.0] AndroidManifest.xml:17:1-24:12
MERGED from [androidx.lifecycle:lifecycle-livedata:2.0.0] AndroidManifest.xml:17:1-22:12
MERGED from [androidx.lifecycle:lifecycle-livedata-core:2.0.0] AndroidManifest.xml:17:1-22:12
MERGED from [androidx.arch.core:core-runtime:2.0.0] AndroidManifest.xml:17:1-22:12
MERGED from [androidx.versionedparcelable:versionedparcelable:1.1.0] AndroidManifest.xml:17:1-27:12
MERGED from [androidx.lifecycle:lifecycle-viewmodel:2.1.0] AndroidManifest.xml:17:1-22:12
INJECTED from src/debug/AndroidManifest.xml:1:1-35:12
INJECTED from src/debug/AndroidManifest.xml:1:1-35:12
INJECTED from src/debug/AndroidManifest.xml:1:1-35:12
	package
		ADDED from src/main/AndroidManifest.xml:2:5-34
		INJECTED from src/main/AndroidManifest.xml
		INJECTED from src/debug/AndroidManifest.xml
	android:versionName
		INJECTED from src/main/AndroidManifest.xml
		ADDED from src/main/AndroidManifest.xml:1:1-77:12
		INJECTED from src/debug/AndroidManifest.xml
	android:versionCode
		INJECTED from src/main/AndroidManifest.xml
		ADDED from src/main/AndroidManifest.xml:1:1-77:12
		INJECTED from src/debug/AndroidManifest.xml
	xmlns:android
		ADDED from src/main/AndroidManifest.xml:1:11-69
uses-permission#android.permission.INTERNET
ADDED from src/main/AndroidManifest.xml:3:5-66
MERGED from src/main/AndroidManifest.xml:3:5-66
MERGED from src/main/AndroidManifest.xml:3:5-66
	android:name
		ADDED from src/main/AndroidManifest.xml:3:22-64
uses-permission#android.permission.ACCESS_WIFI_STATE
ADDED from src/main/AndroidManifest.xml:4:5-75
MERGED from src/main/AndroidManifest.xml:4:5-75
MERGED from src/main/AndroidManifest.xml:4:5-75
	android:name
		ADDED from src/main/AndroidManifest.xml:4:22-73
uses-permission#android.permission.CHANGE_WIFI_MULTICAST_STATE
ADDED from src/main/AndroidManifest.xml:5:5-85
MERGED from src/main/AndroidManifest.xml:5:5-85
MERGED from src/main/AndroidManifest.xml:5:5-85
	android:name
		ADDED from src/main/AndroidManifest.xml:5:22-83
uses-permission#android.permission.CHANGE_WIFI_STATE
ADDED from src/main/AndroidManifest.xml:6:5-75
MERGED from src/main/AndroidManifest.xml:6:5-75
MERGED from src/main/AndroidManifest.xml:6:5-75
	android:name
		ADDED from src/main/AndroidManifest.xml:6:22-73
uses-permission#android.permission.ACCESS_NETWORK_STATE
ADDED from src/main/AndroidManifest.xml:7:5-78
MERGED from src/main/AndroidManifest.xml:7:5-78
MERGED from src/main/AndroidManifest.xml:7:5-78
	android:name
		ADDED from src/main/AndroidManifest.xml:7:22-76
uses-permission#android.permission.CHANGE_NETWORK_STATE
ADDED from src/main/AndroidManifest.xml:8:5-78
MERGED from src/main/AndroidManifest.xml:8:5-78
MERGED from src/main/AndroidManifest.xml:8:5-78
	android:name
		ADDED from src/main/AndroidManifest.xml:8:22-76
uses-permission#android.permission.QUERY_ALL_PACKAGES
ADDED from src/main/AndroidManifest.xml:9:5-77
MERGED from src/main/AndroidManifest.xml:9:5-77
MERGED from src/main/AndroidManifest.xml:9:5-77
	android:name
		ADDED from src/main/AndroidManifest.xml:9:22-74
queries
ADDED from src/main/AndroidManifest.xml:10:5-31:15
MERGED from src/main/AndroidManifest.xml:10:5-31:15
MERGED from src/main/AndroidManifest.xml:10:5-31:15
intent#action:name:android.intent.action.VIEW+data:scheme:https
ADDED from src/main/AndroidManifest.xml:12:9-15:18
action#android.intent.action.VIEW
ADDED from src/main/AndroidManifest.xml:13:13-65
	android:name
		ADDED from src/main/AndroidManifest.xml:13:21-62
data
ADDED from src/main/AndroidManifest.xml:14:13-44
	android:scheme
		ADDED from src/main/AndroidManifest.xml:14:19-41
	android:mimeType
		ADDED from src/debug/AndroidManifest.xml:32:19-41
intent#action:name:android.intent.action.DIAL+data:scheme:tel
ADDED from src/main/AndroidManifest.xml:17:9-20:18
action#android.intent.action.DIAL
ADDED from src/main/AndroidManifest.xml:18:13-65
	android:name
		ADDED from src/main/AndroidManifest.xml:18:21-62
intent#action:name:android.intent.action.SENDTO+data:scheme:smsto
ADDED from src/main/AndroidManifest.xml:22:9-25:18
action#android.intent.action.SENDTO
ADDED from src/main/AndroidManifest.xml:23:13-67
	android:name
		ADDED from src/main/AndroidManifest.xml:23:21-64
intent#action:name:android.intent.action.SEND+data:mimeType:*/*
ADDED from src/main/AndroidManifest.xml:27:9-30:18
action#android.intent.action.SEND
ADDED from src/main/AndroidManifest.xml:28:13-65
	android:name
		ADDED from src/main/AndroidManifest.xml:28:21-62
application
ADDED from src/main/AndroidManifest.xml:32:4-76:19
MERGED from [:url_launcher_android] AndroidManifest.xml:7:5-12:19
MERGED from [:url_launcher_android] AndroidManifest.xml:7:5-12:19
MERGED from [androidx.core:core:1.1.0] AndroidManifest.xml:24:5-89
MERGED from [androidx.core:core:1.1.0] AndroidManifest.xml:24:5-89
MERGED from [androidx.versionedparcelable:versionedparcelable:1.1.0] AndroidManifest.xml:24:5-25:19
MERGED from [androidx.versionedparcelable:versionedparcelable:1.1.0] AndroidManifest.xml:24:5-25:19
	android:appComponentFactory
		ADDED from [androidx.core:core:1.1.0] AndroidManifest.xml:24:18-86
	android:label
		ADDED from src/main/AndroidManifest.xml:33:8-30
	android:turnScreenOn
		ADDED from src/main/AndroidManifest.xml:36:8-35
	android:showWhenLocked
		ADDED from src/main/AndroidManifest.xml:35:8-37
	android:icon
		ADDED from src/main/AndroidManifest.xml:34:8-44
	android:usesCleartextTraffic
		ADDED from src/main/AndroidManifest.xml:37:8-43
activity#com.example.m_power.MainActivity
ADDED from src/main/AndroidManifest.xml:39:9-70:20
	android:screenOrientation
		ADDED from src/main/AndroidManifest.xml:45:13-49
	android:launchMode
		ADDED from src/main/AndroidManifest.xml:41:13-43
	android:hardwareAccelerated
		ADDED from src/main/AndroidManifest.xml:44:13-47
	android:windowSoftInputMode
		ADDED from src/main/AndroidManifest.xml:46:13-55
	android:exported
		ADDED from src/main/AndroidManifest.xml:47:13-36
	android:configChanges
		ADDED from src/main/AndroidManifest.xml:43:13-163
	android:theme
		ADDED from src/main/AndroidManifest.xml:42:13-47
	android:name
		ADDED from src/main/AndroidManifest.xml:40:13-41
meta-data#io.flutter.embedding.android.NormalTheme
ADDED from src/main/AndroidManifest.xml:53:13-56:17
	android:resource
		ADDED from src/main/AndroidManifest.xml:55:15-52
	android:name
		ADDED from src/main/AndroidManifest.xml:54:15-70
meta-data#io.flutter.embedding.android.SplashScreenDrawable
ADDED from src/main/AndroidManifest.xml:62:13-65:17
	android:resource
		ADDED from src/main/AndroidManifest.xml:64:15-61
	android:name
		ADDED from src/main/AndroidManifest.xml:63:15-79
intent-filter#action:name:android.intent.action.MAIN+category:name:android.intent.category.LAUNCHER
ADDED from src/main/AndroidManifest.xml:66:13-69:29
action#android.intent.action.MAIN
ADDED from src/main/AndroidManifest.xml:67:17-68
	android:name
		ADDED from src/main/AndroidManifest.xml:67:25-66
category#android.intent.category.LAUNCHER
ADDED from src/main/AndroidManifest.xml:68:17-76
	android:name
		ADDED from src/main/AndroidManifest.xml:68:27-74
meta-data#flutterEmbedding
ADDED from src/main/AndroidManifest.xml:73:9-75:33
	android:value
		ADDED from src/main/AndroidManifest.xml:75:13-30
	android:name
		ADDED from src/main/AndroidManifest.xml:74:13-44
uses-sdk
INJECTED from src/main/AndroidManifest.xml reason: use-sdk injection requested
INJECTED from src/main/AndroidManifest.xml
INJECTED from src/main/AndroidManifest.xml
MERGED from [:shared_preferences_android] AndroidManifest.xml:5:5-44
MERGED from [:shared_preferences_android] AndroidManifest.xml:5:5-44
MERGED from [:sqflite] AndroidManifest.xml:5:5-44
MERGED from [:sqflite] AndroidManifest.xml:5:5-44
MERGED from [:url_launcher_android] AndroidManifest.xml:5:5-44
MERGED from [:url_launcher_android] AndroidManifest.xml:5:5-44
MERGED from [:path_provider_android] AndroidManifest.xml:5:5-44
MERGED from [:path_provider_android] AndroidManifest.xml:5:5-44
MERGED from [:device_apps] AndroidManifest.xml:5:5-44
MERGED from [:device_apps] AndroidManifest.xml:5:5-44
MERGED from [:android_intent] AndroidManifest.xml:5:5-44
MERGED from [:android_intent] AndroidManifest.xml:5:5-44
MERGED from [androidx.fragment:fragment:1.1.0] AndroidManifest.xml:20:5-22:41
MERGED from [androidx.fragment:fragment:1.1.0] AndroidManifest.xml:20:5-22:41
MERGED from [androidx.activity:activity:1.0.0] AndroidManifest.xml:20:5-22:41
MERGED from [androidx.activity:activity:1.0.0] AndroidManifest.xml:20:5-22:41
MERGED from [androidx.viewpager:viewpager:1.0.0] AndroidManifest.xml:20:5-44
MERGED from [androidx.viewpager:viewpager:1.0.0] AndroidManifest.xml:20:5-44
MERGED from [androidx.loader:loader:1.0.0] AndroidManifest.xml:20:5-44
MERGED from [androidx.loader:loader:1.0.0] AndroidManifest.xml:20:5-44
MERGED from [androidx.customview:customview:1.0.0] AndroidManifest.xml:20:5-44
MERGED from [androidx.customview:customview:1.0.0] AndroidManifest.xml:20:5-44
MERGED from [androidx.core:core:1.1.0] AndroidManifest.xml:20:5-22:41
MERGED from [androidx.core:core:1.1.0] AndroidManifest.xml:20:5-22:41
MERGED from [androidx.lifecycle:lifecycle-runtime:2.2.0] AndroidManifest.xml:20:5-22:41
MERGED from [androidx.lifecycle:lifecycle-runtime:2.2.0] AndroidManifest.xml:20:5-22:41
MERGED from [androidx.savedstate:savedstate:1.0.0] AndroidManifest.xml:20:5-22:41
MERGED from [androidx.savedstate:savedstate:1.0.0] AndroidManifest.xml:20:5-22:41
MERGED from [androidx.lifecycle:lifecycle-livedata:2.0.0] AndroidManifest.xml:20:5-44
MERGED from [androidx.lifecycle:lifecycle-livedata:2.0.0] AndroidManifest.xml:20:5-44
MERGED from [androidx.lifecycle:lifecycle-livedata-core:2.0.0] AndroidManifest.xml:20:5-44
MERGED from [androidx.lifecycle:lifecycle-livedata-core:2.0.0] AndroidManifest.xml:20:5-44
MERGED from [androidx.arch.core:core-runtime:2.0.0] AndroidManifest.xml:20:5-44
MERGED from [androidx.arch.core:core-runtime:2.0.0] AndroidManifest.xml:20:5-44
MERGED from [androidx.versionedparcelable:versionedparcelable:1.1.0] AndroidManifest.xml:20:5-22:41
MERGED from [androidx.versionedparcelable:versionedparcelable:1.1.0] AndroidManifest.xml:20:5-22:41
MERGED from [androidx.lifecycle:lifecycle-viewmodel:2.1.0] AndroidManifest.xml:20:5-44
MERGED from [androidx.lifecycle:lifecycle-viewmodel:2.1.0] AndroidManifest.xml:20:5-44
INJECTED from src/debug/AndroidManifest.xml
INJECTED from src/debug/AndroidManifest.xml
	android:targetSdkVersion
		INJECTED from src/main/AndroidManifest.xml
		INJECTED from src/debug/AndroidManifest.xml
	android:minSdkVersion
		INJECTED from src/main/AndroidManifest.xml
		INJECTED from src/debug/AndroidManifest.xml
activity#io.flutter.plugins.urllauncher.WebViewActivity
ADDED from [:url_launcher_android] AndroidManifest.xml:8:9-11:74
	android:exported
		ADDED from [:url_launcher_android] AndroidManifest.xml:10:13-37
	android:theme
		ADDED from [:url_launcher_android] AndroidManifest.xml:11:13-71
	android:name
		ADDED from [:url_launcher_android] AndroidManifest.xml:9:13-74